{"level":"info","message":"\u001b[32mGET\u001b[39m \u001b[34m/\u001b[39m \u001b[33m2022-3-27 19:12:27\u001b[39m, body: {}, query: {}"}
{"level":"info","message":"\u001b[32mGET\u001b[39m \u001b[34m/api/v1/users\u001b[39m \u001b[33m2022-3-28 19:32:11\u001b[39m, body: {}, query: {}"}
{"level":"info","message":"\u001b[32mGET\u001b[39m \u001b[34m/favicon.ico\u001b[39m \u001b[33m2022-3-28 19:32:11\u001b[39m, body: {}, query: {}"}
{"level":"info","message":"\u001b[32mGET\u001b[39m \u001b[34m/api/v1/users\u001b[39m \u001b[33m2022-3-29 18:33:43\u001b[39m, body: {}, query: {}"}
{"level":"info","message":"\u001b[32mGET\u001b[39m \u001b[34m/favicon.ico\u001b[39m \u001b[33m2022-3-29 18:33:43\u001b[39m, body: {}, query: {}"}
{"level":"info","message":"\u001b[32mPOST\u001b[39m \u001b[34m/api/v1/auth/login\u001b[39m \u001b[33m2022-4-5 16:47:12\u001b[39m, body: {}, query: {}"}
{"level":"info","message":"\u001b[32mPOST\u001b[39m \u001b[34m/api/v1/auth/login\u001b[39m \u001b[33m2022-4-5 16:47:58\u001b[39m, body: {}, query: {}"}
{"level":"info","message":"\u001b[32mPOST\u001b[39m \u001b[34m/api/v1/auth/login\u001b[39m \u001b[33m2022-4-5 16:53:53\u001b[39m, body: {}, query: {}"}
{"level":"info","message":"\u001b[32mPOST\u001b[39m \u001b[34m/api/v1/auth/login\u001b[39m \u001b[33m2022-4-5 16:54:37\u001b[39m, body: {}, query: {}"}
{"level":"info","message":"\u001b[32mPOST\u001b[39m \u001b[34m/api/v1/auth/login\u001b[39m \u001b[33m2022-4-5 16:54:48\u001b[39m, body: {}, query: {}"}
{"level":"info","message":"\u001b[32mPOST\u001b[39m \u001b[34m/api/v1/auth/login\u001b[39m \u001b[33m2022-4-5 16:56:38\u001b[39m, body: {}, query: {}"}
{"level":"info","message":"\u001b[32mPOST\u001b[39m \u001b[34m/api/v1/auth/login\u001b[39m \u001b[33m2022-4-5 16:57:0\u001b[39m, body: {}, query: {}"}
{"level":"info","message":"\u001b[32mPOST\u001b[39m \u001b[34m/api/v1/auth/login\u001b[39m \u001b[33m2022-4-5 16:57:18\u001b[39m, body: {}, query: {}"}
{"level":"info","message":"\u001b[32mPOST\u001b[39m \u001b[34m/api/v1/auth/login\u001b[39m \u001b[33m2022-4-5 17:1:34\u001b[39m, body: {}, query: {}"}
{"level":"info","message":"\u001b[32mPOST\u001b[39m \u001b[34m/api/v1/auth/login\u001b[39m \u001b[33m2022-4-5 17:2:6\u001b[39m, body: {}, query: {}"}
{"level":"info","message":"\u001b[32mPOST\u001b[39m \u001b[34m/api/v1/auth/login\u001b[39m \u001b[33m2022-4-5 17:3:2\u001b[39m, body: {}, query: {}"}
{"level":"info","message":"\u001b[32mPOST\u001b[39m \u001b[34m/api/v1/auth/login\u001b[39m \u001b[33m2022-4-5 17:3:30\u001b[39m, body: {}, query: {}"}
{"level":"info","message":"\u001b[32mPOST\u001b[39m \u001b[34m/api/v1/auth/login\u001b[39m \u001b[33m2022-4-5 17:3:31\u001b[39m, body: {}, query: {}"}
{"level":"info","message":"\u001b[32mPOST\u001b[39m \u001b[34m/api/v1/auth/login\u001b[39m \u001b[33m2022-4-5 17:3:32\u001b[39m, body: {}, query: {}"}
{"level":"info","message":"\u001b[32mPOST\u001b[39m \u001b[34m/api/v1/auth/login\u001b[39m \u001b[33m2022-4-5 17:3:32\u001b[39m, body: {}, query: {}"}
{"level":"info","message":"\u001b[32mPOST\u001b[39m \u001b[34m/api/v1/auth/login\u001b[39m \u001b[33m2022-4-5 17:4:54\u001b[39m, body: {}, query: {}"}
{"level":"info","message":"\u001b[32mPOST\u001b[39m \u001b[34m/api/v1/auth/login\u001b[39m \u001b[33m2022-4-5 17:5:6\u001b[39m, body: {}, query: {}"}
{"level":"info","message":"\u001b[32mPOST\u001b[39m \u001b[34m/api/v1/auth/login\u001b[39m \u001b[33m2022-4-5 17:8:52\u001b[39m, body: {}, query: {}"}
{"level":"info","message":"\u001b[32mPOST\u001b[39m \u001b[34m/api/v1/auth/login\u001b[39m \u001b[33m2022-4-5 17:10:44\u001b[39m, body: {\n  \"email\": \"hieutk5@gmail.com\",\n  \"password\": \"123456\"\n}, query: {}"}
{"level":"info","message":"\u001b[32mPOST\u001b[39m \u001b[34m/api/v1/auth/login\u001b[39m \u001b[33m2022-4-5 17:11:0\u001b[39m, body: {\n  \"email\": \"hieutk5@gmail.com\",\n  \"password\": \"123456\"\n}, query: {}"}
{"level":"info","message":"\u001b[32mPOST\u001b[39m \u001b[34m/api/v1/auth/login\u001b[39m \u001b[33m2022-4-5 17:14:29\u001b[39m, body: {\n  \"email\": \"hieutk5@gmail.com\",\n  \"password\": \"123456\"\n}, query: {}"}
{"level":"info","message":"\u001b[32mPOST\u001b[39m \u001b[34m/api/v1/auth/login\u001b[39m \u001b[33m2022-4-5 17:17:42\u001b[39m, body: {\n  \"email\": \"hieutk5@gmail.com\",\n  \"password\": \"123456\"\n}, query: {}"}
{"level":"info","message":"\u001b[32mPOST\u001b[39m \u001b[34m/api/v1/auth/login\u001b[39m \u001b[33m2022-4-5 17:18:28\u001b[39m, body: {\n  \"email\": \"hieutk5@gmail.com\",\n  \"password\": \"123456\"\n}, query: {}"}
{"level":"info","message":"\u001b[32mPOST\u001b[39m \u001b[34m/api/v1/auth/login\u001b[39m \u001b[33m2022-4-5 17:19:47\u001b[39m, body: {\n  \"email\": \"hieutk5@gmail.com\",\n  \"password\": \"123456\"\n}, query: {}"}
{"level":"info","message":"\u001b[32mPOST\u001b[39m \u001b[34m/api/v1/auth/login\u001b[39m \u001b[33m2022-4-5 17:20:15\u001b[39m, body: {\n  \"email\": \"hieutk5@gmail.com\",\n  \"password\": \"123456\"\n}, query: {}"}
{"level":"info","message":"\u001b[32mPOST\u001b[39m \u001b[34m/api/v1/auth/login\u001b[39m \u001b[33m2022-4-5 17:21:46\u001b[39m, body: {\n  \"email\": \"hieutk5@gmail.com\",\n  \"password\": \"123456\"\n}, query: {}"}
{"level":"info","message":"\u001b[32mPOST\u001b[39m \u001b[34m/api/v1/auth/login\u001b[39m \u001b[33m2022-4-5 17:21:47\u001b[39m, body: {\n  \"email\": \"hieutk5@gmail.com\",\n  \"password\": \"123456\"\n}, query: {}"}
{"level":"info","message":"\u001b[32mPOST\u001b[39m \u001b[34m/api/v1/auth/login\u001b[39m \u001b[33m2022-4-5 17:25:49\u001b[39m, body: {\n  \"email\": \"hieutk5@gmail.com\",\n  \"password\": \"123456\"\n}, query: {}"}
{"level":"info","message":"\u001b[32mPOST\u001b[39m \u001b[34m/api/v1/auth/login\u001b[39m \u001b[33m2022-4-5 17:28:28\u001b[39m, body: {\n  \"email\": \"hieutk5@gmail.com\",\n  \"password\": \"123456\"\n}, query: {}"}
{"level":"info","message":"\u001b[32mPOST\u001b[39m \u001b[34m/api/v1/auth/login\u001b[39m \u001b[33m2022-4-5 17:28:59\u001b[39m, body: {\n  \"email\": \"hieutk5@gmail.com\",\n  \"password\": \"123456\"\n}, query: {}"}
{"level":"info","message":"\u001b[32mPOST\u001b[39m \u001b[34m/api/v1/auth/login\u001b[39m \u001b[33m2022-4-5 17:33:49\u001b[39m, body: {\n  \"email\": \"hieutk5@gmail.com\",\n  \"password\": \"123456\"\n}, query: {}"}
{"level":"info","message":"\u001b[32mPOST\u001b[39m \u001b[34m/api/v1/auth/login\u001b[39m \u001b[33m2022-4-5 17:34:13\u001b[39m, body: {\n  \"email\": \"hieutk5@gmail.com\",\n  \"password\": \"123456\"\n}, query: {}"}
{"level":"info","message":"\u001b[32mPOST\u001b[39m \u001b[34m/api/v1/auth/login\u001b[39m \u001b[33m2022-4-5 17:34:50\u001b[39m, body: {\n  \"email\": \"hieutk5@gmail.com\",\n  \"password\": \"123456\"\n}, query: {}"}
{"level":"info","message":"\u001b[32mPOST\u001b[39m \u001b[34m/api/v1/auth/login\u001b[39m \u001b[33m2022-4-5 17:34:52\u001b[39m, body: {\n  \"email\": \"hieutk5@gmail.com\",\n  \"password\": \"123456\"\n}, query: {}"}
{"level":"info","message":"\u001b[32mPOST\u001b[39m \u001b[34m/api/v1/auth/login\u001b[39m \u001b[33m2022-4-5 17:35:59\u001b[39m, body: {\n  \"email\": \"hieutk5@gmail.com\",\n  \"password\": \"123456\"\n}, query: {}"}
{"level":"info","message":"\u001b[32mPOST\u001b[39m \u001b[34m/api/v1/auth/login\u001b[39m \u001b[33m2022-4-5 17:36:41\u001b[39m, body: {\n  \"email\": \"hieutk5@gmail.com\",\n  \"password\": \"123456\"\n}, query: {}"}
{"level":"info","message":"\u001b[32mPOST\u001b[39m \u001b[34m/api/v1/auth/login\u001b[39m \u001b[33m2022-4-5 17:37:1\u001b[39m, body: {\n  \"email\": \"hieutk5@gmail.com\",\n  \"password\": \"123456\"\n}, query: {}"}
{"level":"info","message":"\u001b[32mPOST\u001b[39m \u001b[34m/api/v1/auth/login\u001b[39m \u001b[33m2022-4-5 17:37:11\u001b[39m, body: {\n  \"email\": \"hieutk5@gmail.com\",\n  \"password\": \"123456\"\n}, query: {}"}
{"level":"info","message":"\u001b[32mPOST\u001b[39m \u001b[34m/api/v1/auth/login\u001b[39m \u001b[33m2022-4-5 17:37:48\u001b[39m, body: {\n  \"email\": \"hieutk5@gmail.com\",\n  \"password\": \"123456\"\n}, query: {}"}
{"level":"info","message":"\u001b[32mPOST\u001b[39m \u001b[34m/api/v1/auth/login\u001b[39m \u001b[33m2022-4-5 17:38:31\u001b[39m, body: {\n  \"email\": \"hieutk5@gmail.com\",\n  \"password\": \"123456\"\n}, query: {}"}
{"level":"info","message":"\u001b[32mPOST\u001b[39m \u001b[34m/api/v1/auth/login\u001b[39m \u001b[33m2022-4-5 17:39:1\u001b[39m, body: {\n  \"email\": \"hieutk5@gmail.com\",\n  \"password\": \"123456\"\n}, query: {}"}
{"level":"info","message":"\u001b[32mPOST\u001b[39m \u001b[34m/api/v1/auth/login\u001b[39m \u001b[33m2022-4-5 17:39:2\u001b[39m, body: {\n  \"email\": \"hieutk5@gmail.com\",\n  \"password\": \"123456\"\n}, query: {}"}
{"level":"info","message":"\u001b[32mPOST\u001b[39m \u001b[34m/api/v1/auth/login\u001b[39m \u001b[33m2022-4-5 17:51:8\u001b[39m, body: {\n  \"email\": \"hieutk5@gmail.com\",\n  \"password\": \"123456\"\n}, query: {}"}
{"level":"info","message":"\u001b[32mPOST\u001b[39m \u001b[34m/api/v1/auth/login\u001b[39m \u001b[33m2022-4-5 17:59:49\u001b[39m, body: {\n  \"email\": \"hieutk5@gmail.com\",\n  \"password\": \"123456\"\n}, query: {}"}
{"level":"info","message":"\u001b[32mPOST\u001b[39m \u001b[34m/api/v1/auth/login\u001b[39m \u001b[33m2022-4-5 18:0:35\u001b[39m, body: {\n  \"email\": \"hieutk5@gmail.com\",\n  \"password\": \"123456\"\n}, query: {}"}
{"level":"info","message":"\u001b[32mPOST\u001b[39m \u001b[34m/api/v1/auth/login\u001b[39m \u001b[33m2022-4-5 18:1:39\u001b[39m, body: {\n  \"email\": \"hieutk5@gmail.com\",\n  \"password\": \"123456\"\n}, query: {}"}
{"level":"info","message":"\u001b[32mPOST\u001b[39m \u001b[34m/api/v1/auth/login\u001b[39m \u001b[33m2022-4-5 18:2:15\u001b[39m, body: {\n  \"email\": \"hieutk5@gmail.com\",\n  \"password\": \"123456\"\n}, query: {}"}
{"level":"info","message":"\u001b[32mPOST\u001b[39m \u001b[34m/api/v1/auth/login\u001b[39m \u001b[33m2022-4-5 18:3:42\u001b[39m, body: {\n  \"email\": \"hieutk5@gmail.com\",\n  \"password\": \"123456\"\n}, query: {}"}
{"level":"info","message":"\u001b[32mPOST\u001b[39m \u001b[34m/api/v1/auth/login\u001b[39m \u001b[33m2022-4-5 18:6:17\u001b[39m, body: {\n  \"email\": \"hieutk5@gmail.com\",\n  \"password\": \"123456\"\n}, query: {}"}
{"level":"info","message":"\u001b[32mPOST\u001b[39m \u001b[34m/api/v1/auth/login\u001b[39m \u001b[33m2022-4-5 18:6:44\u001b[39m, body: {\n  \"email\": \"hieutk5@gmail.com\",\n  \"password\": \"123456\"\n}, query: {}"}
{"level":"info","message":"\u001b[32mPOST\u001b[39m \u001b[34m/api/v1/auth/login\u001b[39m \u001b[33m2022-4-5 18:8:26\u001b[39m, body: {\n  \"email\": \"hieutk5@gmail.com\",\n  \"password\": \"123456\"\n}, query: {}"}
{"level":"info","message":"\u001b[32mPOST\u001b[39m \u001b[34m/api/v1/auth/login\u001b[39m \u001b[33m2022-4-5 18:13:10\u001b[39m, body: {\n  \"email\": \"hieutk5@gmail.com\",\n  \"password\": \"123456\"\n}, query: {}"}
{"level":"info","message":"\u001b[32mPOST\u001b[39m \u001b[34m/api/v1/auth/login\u001b[39m \u001b[33m2022-4-5 18:13:35\u001b[39m, body: {\n  \"email\": \"hieutk5@gmail.com\",\n  \"password\": \"123456\"\n}, query: {}"}
{"level":"info","message":"\u001b[32mPOST\u001b[39m \u001b[34m/api/v1/auth/login\u001b[39m \u001b[33m2022-4-5 18:13:37\u001b[39m, body: {\n  \"email\": \"hieutk5@gmail.com\",\n  \"password\": \"123456\"\n}, query: {}"}
{"level":"info","message":"\u001b[32mPOST\u001b[39m \u001b[34m/api/v1/auth/login\u001b[39m \u001b[33m2022-4-5 18:13:54\u001b[39m, body: {\n  \"email\": \"hieutk5@gmail.com\",\n  \"password\": \"123456\"\n}, query: {}"}
{"level":"info","message":"\u001b[32mPOST\u001b[39m \u001b[34m/api/v1/auth/login\u001b[39m \u001b[33m2022-4-5 18:13:56\u001b[39m, body: {\n  \"email\": \"hieutk5@gmail.com\",\n  \"password\": \"123456\"\n}, query: {}"}
{"level":"info","message":"\u001b[32mPOST\u001b[39m \u001b[34m/api/v1/auth/login\u001b[39m \u001b[33m2022-4-5 18:15:32\u001b[39m, body: {\n  \"email\": \"hieutk5@gmail.com\",\n  \"password\": \"123456\"\n}, query: {}"}
{"level":"info","message":"\u001b[32mPOST\u001b[39m \u001b[34m/api/v1/auth/login\u001b[39m \u001b[33m2022-4-5 18:15:57\u001b[39m, body: {\n  \"email\": \"hieutk5@gmail.com\",\n  \"password\": \"123456\"\n}, query: {}"}
{"level":"info","message":"\u001b[32mPOST\u001b[39m \u001b[34m/api/v1/auth/register\u001b[39m \u001b[33m2022-4-5 18:21:14\u001b[39m, body: {\n  \"email\": \"hieutk5@gmail.com\",\n  \"password\": \"123456\"\n}, query: {}"}
{"level":"info","message":"\u001b[32mPOST\u001b[39m \u001b[34m/api/v1/auth/register\u001b[39m \u001b[33m2022-4-5 18:21:31\u001b[39m, body: {\n  \"email\": \"hieutk5@gmail.com\",\n  \"password\": \"123456\"\n}, query: {}"}
{"level":"info","message":"\u001b[32mPOST\u001b[39m \u001b[34m/api/v1/auth/register\u001b[39m \u001b[33m2022-4-5 18:21:36\u001b[39m, body: {\n  \"email\": \"hieutk4@gmail.com\",\n  \"password\": \"123456\"\n}, query: {}"}
{"level":"info","message":"\u001b[32mPOST\u001b[39m \u001b[34m/api/v1/auth/register\u001b[39m \u001b[33m2022-4-5 18:23:48\u001b[39m, body: {\n  \"email\": \"hieutk4@gmail.com\",\n  \"password\": \"123456\"\n}, query: {}"}
{"level":"info","message":"\u001b[32mPOST\u001b[39m \u001b[34m/api/v1/auth/register\u001b[39m \u001b[33m2022-4-5 18:23:53\u001b[39m, body: {\n  \"email\": \"hieutk3@gmail.com\",\n  \"password\": \"123456\"\n}, query: {}"}
{"level":"info","message":"\u001b[32mPOST\u001b[39m \u001b[34m/api/v1/auth/register\u001b[39m \u001b[33m2022-4-5 18:24:42\u001b[39m, body: {\n  \"email\": \"hieutk3@gmail.com\",\n  \"password\": \"123456\"\n}, query: {}"}
{"level":"info","message":"\u001b[32mPOST\u001b[39m \u001b[34m/api/v1/auth/register\u001b[39m \u001b[33m2022-4-5 18:24:45\u001b[39m, body: {\n  \"email\": \"hieutk2@gmail.com\",\n  \"password\": \"123456\"\n}, query: {}"}
{"level":"info","message":"\u001b[32mPOST\u001b[39m \u001b[34m/api/v1/auth/register\u001b[39m \u001b[33m2022-4-5 18:26:18\u001b[39m, body: {\n  \"email\": \"hieutk2@gmail.com\",\n  \"password\": \"123456\"\n}, query: {}"}
{"level":"info","message":"\u001b[32mPOST\u001b[39m \u001b[34m/api/v1/auth/register\u001b[39m \u001b[33m2022-4-5 18:26:23\u001b[39m, body: {\n  \"email\": \"hieutk3@gmail.com\",\n  \"password\": \"123456\"\n}, query: {}"}
{"level":"info","message":"\u001b[32mPOST\u001b[39m \u001b[34m/api/v1/auth/register\u001b[39m \u001b[33m2022-4-5 18:26:27\u001b[39m, body: {\n  \"email\": \"hieutk7@gmail.com\",\n  \"password\": \"123456\"\n}, query: {}"}
{"level":"info","message":"\u001b[32mPOST\u001b[39m \u001b[34m/api/v1/auth/register\u001b[39m \u001b[33m2022-4-5 18:27:25\u001b[39m, body: {\n  \"email\": \"hieutk9@gmail.com\",\n  \"password\": \"123456\"\n}, query: {}"}
{"level":"info","message":"\u001b[32mPOST\u001b[39m \u001b[34m/api/v1/auth/register\u001b[39m \u001b[33m2022-4-5 18:27:43\u001b[39m, body: {\n  \"email\": \"hieutk9@gmail.com\",\n  \"password\": \"123456\"\n}, query: {}"}
{"level":"info","message":"\u001b[32mPOST\u001b[39m \u001b[34m/api/v1/auth/register\u001b[39m \u001b[33m2022-4-5 18:27:50\u001b[39m, body: {\n  \"email\": \"hieutk1@gmail.com\",\n  \"password\": \"123456\"\n}, query: {}"}
{"level":"info","message":"\u001b[32mPOST\u001b[39m \u001b[34m/api/v1/auth/register\u001b[39m \u001b[33m2022-4-5 18:28:35\u001b[39m, body: {\n  \"email\": \"hieutk1@gmail.com\",\n  \"password\": \"123456\"\n}, query: {}"}
{"level":"info","message":"\u001b[32mPOST\u001b[39m \u001b[34m/api/v1/auth/register\u001b[39m \u001b[33m2022-4-5 18:28:40\u001b[39m, body: {\n  \"email\": \"hieutk4@gmail.com\",\n  \"password\": \"123456\"\n}, query: {}"}
{"level":"info","message":"\u001b[32mPOST\u001b[39m \u001b[34m/api/v1/auth/register\u001b[39m \u001b[33m2022-4-5 18:30:16\u001b[39m, body: {\n  \"email\": \"hieutk4@gmail.com\",\n  \"password\": \"123456\"\n}, query: {}"}
{"level":"info","message":"\u001b[32mPOST\u001b[39m \u001b[34m/api/v1/auth/register\u001b[39m \u001b[33m2022-4-5 18:31:32\u001b[39m, body: {\n  \"email\": \"hieutk9@gmail.com\",\n  \"password\": \"123456\"\n}, query: {}"}
{"level":"info","message":"\u001b[32mPOST\u001b[39m \u001b[34m/api/v1/auth/register\u001b[39m \u001b[33m2022-4-5 18:31:37\u001b[39m, body: {\n  \"email\": \"hieutk2@gmail.com\",\n  \"password\": \"123456\"\n}, query: {}"}
{"level":"info","message":"\u001b[32mPOST\u001b[39m \u001b[34m/api/v1/auth/register\u001b[39m \u001b[33m2022-4-5 18:31:40\u001b[39m, body: {\n  \"email\": \"hieutk3@gmail.com\",\n  \"password\": \"123456\"\n}, query: {}"}
{"level":"info","message":"\u001b[32mPOST\u001b[39m \u001b[34m/api/v1/auth/register\u001b[39m \u001b[33m2022-4-5 18:32:35\u001b[39m, body: {\n  \"email\": \"hieutk3@gmail.com\",\n  \"password\": \"123456\"\n}, query: {}"}
{"level":"info","message":"\u001b[32mPOST\u001b[39m \u001b[34m/api/v1/auth/register\u001b[39m \u001b[33m2022-4-5 18:32:40\u001b[39m, body: {\n  \"email\": \"hieutk5@gmail.com\",\n  \"password\": \"123456\"\n}, query: {}"}
{"level":"info","message":"\u001b[32mPOST\u001b[39m \u001b[34m/api/v1/auth/register\u001b[39m \u001b[33m2022-4-5 18:33:7\u001b[39m, body: {\n  \"email\": \"hieutk5@gmail.com\",\n  \"password\": \"123456\"\n}, query: {}"}
{"level":"info","message":"\u001b[32mPOST\u001b[39m \u001b[34m/api/v1/auth/register\u001b[39m \u001b[33m2022-4-5 18:33:10\u001b[39m, body: {\n  \"email\": \"hieutk4@gmail.com\",\n  \"password\": \"123456\"\n}, query: {}"}
{"level":"info","message":"\u001b[32mPOST\u001b[39m \u001b[34m/api/v1/auth/register\u001b[39m \u001b[33m2022-4-5 18:33:50\u001b[39m, body: {\n  \"email\": \"hieutk7@gmail.com\",\n  \"password\": \"123456\"\n}, query: {}"}
{"level":"info","message":"\u001b[32mPOST\u001b[39m \u001b[34m/api/v1/auth/register\u001b[39m \u001b[33m2022-4-5 18:35:43\u001b[39m, body: {\n  \"email\": \"hieutk11@gmail.com\",\n  \"password\": \"123456\"\n}, query: {}"}
